<?xml version="1.0" encoding="UTF-8"?>
<!-- Generated by org.testng.reporters.JUnitReportReporter -->
<testsuite hostname="LAPTOP-J7JKI705" failures="0" tests="1" name="com.smoke.test.SmokeTestRun" time="3.962" errors="0" timestamp="2022-02-06T03:13:37 EST" skipped="0">
  <testcase classname="com.smoke.test.SmokeTestRun" name="smoke_Test_Login_Function_Positive" time="3.962"/>
  <system-out/>
</testsuite> <!-- com.smoke.test.SmokeTestRun -->
