<?xml version="1.0" encoding="UTF-8"?>
<!-- Generated by org.testng.reporters.JUnitReportReporter -->
<testsuite hostname="DESKTOP-TAKCJM8" failures="0" tests="1" name="com.smoke.test.SmokeTestRun" time="4.931" errors="0" timestamp="2022-01-30T02:20:45 EST" skipped="0">
  <testcase classname="com.smoke.test.SmokeTestRun" name="smokeTest_LoginFunction_Positive" time="4.931"/>
  <system-out/>
</testsuite> <!-- com.smoke.test.SmokeTestRun -->
